// 重构日志: 4d3a1186
// 重构日志: 8691c1aa
// 重构日志: 00881a7a
// 重构日志: 80d95210
// 重构日志: e039fb18
// 重构日志: f5eefc14
// 重构日志: 9d0f2f38
// 重构日志: 5ef8102a
// 同步 ID: a944c397 @ Sat Jun 27 13:03:36 UTC 2026
// 同步 ID: 179f4c10 @ Sat Jun 27 15:17:49 UTC 2026
// 重构日志: fef4ace6
// 重构日志: 48311527
// 重构日志: 7af618b8
// 同步 ID: dc639c5d @ Sun Jun 28 15:52:56 UTC 2026
// 重构日志: 9f58922f
// 同步 ID: 17dbd2be @ Sun Jun 28 20:22:51 UTC 2026
// 重构日志: 52dd61fd
// 重构日志: df9717f5
// 重构日志: fc218693
// 重构日志: 499ff09a
// 重构日志: 05a52497
// 同步 ID: 4b8afdb8 @ Wed Jul  1 13:24:44 UTC 2026
// 同步 ID: a0e70b6b @ Thu Jul  2 11:54:56 UTC 2026
// 重构日志: f17c513e
// 同步 ID: 920cd570 @ Fri Jul  3 00:34:16 UTC 2026
// 重构日志: 31965e74
// 重构日志: bc65558a
// 重构日志: cd4c629b
// 同步 ID: 0b823e6e @ Sat Jul  4 10:48:55 UTC 2026
// 同步 ID: 72e7c0a2 @ Sat Jul  4 16:20:25 UTC 2026
// 重构日志: f3c49e3e
// 重构日志: 5bd30863
